Started GET "/" for 127.0.0.1 at 2025-10-14 19:24:00 -0400
  
ActiveRecord::ConnectionNotEstablished (connection to server on socket "/tmp/.s.PGSQL.5432" failed: No such file or directory
	Is the server running locally and accepting connections on that socket?
)
Caused by: PG::ConnectionBad (connection to server on socket "/tmp/.s.PGSQL.5432" failed: No such file or directory
	Is the server running locally and accepting connections on that socket?
)

Information for: ActiveRecord::ConnectionNotEstablished (connection to server on socket "/tmp/.s.PGSQL.5432" failed: No such file or directory
	Is the server running locally and accepting connections on that socket?
):
  
activerecord (8.0.3) lib/active_record/connection_adapters/postgresql_adapter.rb:69:in 'ActiveRecord::ConnectionAdapters::PostgreSQLAdapter.new_client'
activerecord (8.0.3) lib/active_record/connection_adapters/postgresql_adapter.rb:939:in 'ActiveRecord::ConnectionAdapters::PostgreSQLAdapter#connect'
activerecord (8.0.3) lib/active_record/connection_adapters/postgresql_adapter.rb:951:in 'ActiveRecord::ConnectionAdapters::PostgreSQLAdapter#reconnect'
activerecord (8.0.3) lib/active_record/connection_adapters/abstract_adapter.rb:669:in 'block in ActiveRecord::ConnectionAdapters::AbstractAdapter#reconnect!'
activesupport (8.0.3) lib/active_support/concurrency/null_lock.rb:9:in 'ActiveSupport::Concurrency::NullLock#synchronize'
activerecord (8.0.3) lib/active_record/connection_adapters/abstract_adapter.rb:668:in 'ActiveRecord::ConnectionAdapters::AbstractAdapter#reconnect!'
activerecord (8.0.3) lib/active_record/connection_adapters/abstract_adapter.rb:773:in 'block in ActiveRecord::ConnectionAdapters::AbstractAdapter#verify!'
activesupport (8.0.3) lib/active_support/concurrency/null_lock.rb:9:in 'ActiveSupport::Concurrency::NullLock#synchronize'
activerecord (8.0.3) lib/active_record/connection_adapters/abstract_adapter.rb:763:in 'ActiveRecord::ConnectionAdapters::AbstractAdapter#verify!'
activerecord (8.0.3) lib/active_record/connection_adapters/abstract_adapter.rb:781:in 'ActiveRecord::ConnectionAdapters::AbstractAdapter#connect!'
activerecord (8.0.3) lib/active_record/connection_adapters/abstract_adapter.rb:987:in 'block in ActiveRecord::ConnectionAdapters::AbstractAdapter#with_raw_connection'
activesupport (8.0.3) lib/active_support/concurrency/null_lock.rb:9:in 'ActiveSupport::Concurrency::NullLock#synchronize'
activerecord (8.0.3) lib/active_record/connection_adapters/abstract_adapter.rb:986:in 'ActiveRecord::ConnectionAdapters::AbstractAdapter#with_raw_connection'
activerecord (8.0.3) lib/active_record/connection_adapters/postgresql/quoting.rb:128:in 'ActiveRecord::ConnectionAdapters::PostgreSQL::Quoting#quote_string'
activerecord (8.0.3) lib/active_record/connection_adapters/abstract/quoting.rb:76:in 'ActiveRecord::ConnectionAdapters::Quoting#quote'
activerecord (8.0.3) lib/active_record/connection_adapters/postgresql/quoting.rb:122:in 'ActiveRecord::ConnectionAdapters::PostgreSQL::Quoting#quote'
activerecord (8.0.3) lib/active_record/connection_adapters/postgresql/schema_statements.rb:1142:in 'ActiveRecord::ConnectionAdapters::PostgreSQL::SchemaStatements#quoted_scope'
activerecord (8.0.3) lib/active_record/connection_adapters/postgresql/schema_statements.rb:1119:in 'ActiveRecord::ConnectionAdapters::PostgreSQL::SchemaStatements#data_source_sql'
activerecord (8.0.3) lib/active_record/connection_adapters/abstract/schema_statements.rb:60:in 'ActiveRecord::ConnectionAdapters::SchemaStatements#table_exists?'
activerecord (8.0.3) lib/active_record/schema_migration.rb:55:in 'block in ActiveRecord::SchemaMigration#create_table'
activerecord (8.0.3) lib/active_record/connection_adapters/abstract/connection_pool.rb:422:in 'ActiveRecord::ConnectionAdapters::ConnectionPool#with_connection'
activerecord (8.0.3) lib/active_record/schema_migration.rb:54:in 'ActiveRecord::SchemaMigration#create_table'
activerecord (8.0.3) lib/active_record/migration.rb:1430:in 'ActiveRecord::Migrator#initialize'
activerecord (8.0.3) lib/active_record/migration.rb:1278:in 'Class#new'
activerecord (8.0.3) lib/active_record/migration.rb:1278:in 'ActiveRecord::MigrationContext#open'
activerecord (8.0.3) lib/active_record/migration.rb:762:in 'block (2 levels) in ActiveRecord::Migration.pending_migrations'
activerecord (8.0.3) lib/active_record/migration/pending_migration_connection.rb:8:in 'ActiveRecord::PendingMigrationConnection.with_temporary_pool'
activerecord (8.0.3) lib/active_record/migration.rb:761:in 'block in ActiveRecord::Migration.pending_migrations'
activerecord (8.0.3) lib/active_record/migration.rb:760:in 'Array#each'
activerecord (8.0.3) lib/active_record/migration.rb:760:in 'ActiveRecord::Migration.pending_migrations'
activerecord (8.0.3) lib/active_record/migration.rb:739:in 'ActiveRecord::Migration.check_pending_migrations'
activerecord (8.0.3) lib/active_record/migration.rb:659:in 'block (2 levels) in ActiveRecord::Migration::CheckPending#call'
activesupport (8.0.3) lib/active_support/file_update_checker.rb:85:in 'ActiveSupport::FileUpdateChecker#execute'
activerecord (8.0.3) lib/active_record/migration.rb:664:in 'block in ActiveRecord::Migration::CheckPending#call'
activerecord (8.0.3) lib/active_record/migration.rb:656:in 'Thread::Mutex#synchronize'
activerecord (8.0.3) lib/active_record/migration.rb:656:in 'ActiveRecord::Migration::CheckPending#call'
actionpack (8.0.3) lib/action_dispatch/middleware/callbacks.rb:31:in 'block in ActionDispatch::Callbacks#call'
activesupport (8.0.3) lib/active_support/callbacks.rb:100:in 'ActiveSupport::Callbacks#run_callbacks'
actionpack (8.0.3) lib/action_dispatch/middleware/callbacks.rb:30:in 'ActionDispatch::Callbacks#call'
actionpack (8.0.3) lib/action_dispatch/middleware/executor.rb:16:in 'ActionDispatch::Executor#call'
actionpack (8.0.3) lib/action_dispatch/middleware/actionable_exceptions.rb:18:in 'ActionDispatch::ActionableExceptions#call'
actionpack (8.0.3) lib/action_dispatch/middleware/debug_exceptions.rb:31:in 'ActionDispatch::DebugExceptions#call'
web-console (4.2.1) lib/web_console/middleware.rb:132:in 'WebConsole::Middleware#call_app'
web-console (4.2.1) lib/web_console/middleware.rb:28:in 'block in WebConsole::Middleware#call'
web-console (4.2.1) lib/web_console/middleware.rb:17:in 'Kernel#catch'
web-console (4.2.1) lib/web_console/middleware.rb:17:in 'WebConsole::Middleware#call'
actionpack (8.0.3) lib/action_dispatch/middleware/show_exceptions.rb:32:in 'ActionDispatch::ShowExceptions#call'
railties (8.0.3) lib/rails/rack/logger.rb:41:in 'Rails::Rack::Logger#call_app'
railties (8.0.3) lib/rails/rack/logger.rb:29:in 'Rails::Rack::Logger#call'
actionpack (8.0.3) lib/action_dispatch/middleware/remote_ip.rb:96:in 'ActionDispatch::RemoteIp#call'
actionpack (8.0.3) lib/action_dispatch/middleware/request_id.rb:34:in 'ActionDispatch::RequestId#call'
rack (3.2.3) lib/rack/method_override.rb:28:in 'Rack::MethodOverride#call'
rack (3.2.3) lib/rack/runtime.rb:24:in 'Rack::Runtime#call'
actionpack (8.0.3) lib/action_dispatch/middleware/server_timing.rb:61:in 'block in ActionDispatch::ServerTiming#call'
actionpack (8.0.3) lib/action_dispatch/middleware/server_timing.rb:26:in 'ActionDispatch::ServerTiming::Subscriber#collect_events'
actionpack (8.0.3) lib/action_dispatch/middleware/server_timing.rb:60:in 'ActionDispatch::ServerTiming#call'
actionpack (8.0.3) lib/action_dispatch/middleware/executor.rb:16:in 'ActionDispatch::Executor#call'
propshaft (1.3.1) lib/propshaft/server.rb:37:in 'Propshaft::Server#call'
actionpack (8.0.3) lib/action_dispatch/middleware/static.rb:27:in 'ActionDispatch::Static#call'
rack (3.2.3) lib/rack/sendfile.rb:131:in 'Rack::Sendfile#call'
actionpack (8.0.3) lib/action_dispatch/middleware/host_authorization.rb:143:in 'ActionDispatch::HostAuthorization#call'
railties (8.0.3) lib/rails/engine.rb:535:in 'Rails::Engine#call'
puma (7.0.4) lib/puma/configuration.rb:299:in 'Puma::Configuration::ConfigMiddleware#call'
puma (7.0.4) lib/puma/request.rb:101:in 'block in Puma::Request#handle_request'
puma (7.0.4) lib/puma/thread_pool.rb:346:in 'Puma::ThreadPool#with_force_shutdown'
puma (7.0.4) lib/puma/request.rb:100:in 'Puma::Request#handle_request'
puma (7.0.4) lib/puma/server.rb:506:in 'Puma::Server#process_client'
puma (7.0.4) lib/puma/server.rb:265:in 'block in Puma::Server#run'
puma (7.0.4) lib/puma/thread_pool.rb:173:in 'block in Puma::ThreadPool#spawn_thread'

Information for cause: PG::ConnectionBad (connection to server on socket "/tmp/.s.PGSQL.5432" failed: No such file or directory
	Is the server running locally and accepting connections on that socket?
):
  
pg-1.6.2-arm64 (darwin) lib/pg/connection.rb:944:in 'PG::Connection.connect_start'
pg-1.6.2-arm64 (darwin) lib/pg/connection.rb:944:in 'PG::Connection.connect_to_hosts'
pg-1.6.2-arm64 (darwin) lib/pg/connection.rb:871:in 'PG::Connection.new'
pg-1.6.2-arm64 (darwin) lib/pg.rb:88:in 'PG.connect'
activerecord (8.0.3) lib/active_record/connection_adapters/postgresql_adapter.rb:58:in 'ActiveRecord::ConnectionAdapters::PostgreSQLAdapter.new_client'
activerecord (8.0.3) lib/active_record/connection_adapters/postgresql_adapter.rb:939:in 'ActiveRecord::ConnectionAdapters::PostgreSQLAdapter#connect'
activerecord (8.0.3) lib/active_record/connection_adapters/postgresql_adapter.rb:951:in 'ActiveRecord::ConnectionAdapters::PostgreSQLAdapter#reconnect'
activerecord (8.0.3) lib/active_record/connection_adapters/abstract_adapter.rb:669:in 'block in ActiveRecord::ConnectionAdapters::AbstractAdapter#reconnect!'
activesupport (8.0.3) lib/active_support/concurrency/null_lock.rb:9:in 'ActiveSupport::Concurrency::NullLock#synchronize'
activerecord (8.0.3) lib/active_record/connection_adapters/abstract_adapter.rb:668:in 'ActiveRecord::ConnectionAdapters::AbstractAdapter#reconnect!'
activerecord (8.0.3) lib/active_record/connection_adapters/abstract_adapter.rb:773:in 'block in ActiveRecord::ConnectionAdapters::AbstractAdapter#verify!'
activesupport (8.0.3) lib/active_support/concurrency/null_lock.rb:9:in 'ActiveSupport::Concurrency::NullLock#synchronize'
activerecord (8.0.3) lib/active_record/connection_adapters/abstract_adapter.rb:763:in 'ActiveRecord::ConnectionAdapters::AbstractAdapter#verify!'
activerecord (8.0.3) lib/active_record/connection_adapters/abstract_adapter.rb:781:in 'ActiveRecord::ConnectionAdapters::AbstractAdapter#connect!'
activerecord (8.0.3) lib/active_record/connection_adapters/abstract_adapter.rb:987:in 'block in ActiveRecord::ConnectionAdapters::AbstractAdapter#with_raw_connection'
activesupport (8.0.3) lib/active_support/concurrency/null_lock.rb:9:in 'ActiveSupport::Concurrency::NullLock#synchronize'
activerecord (8.0.3) lib/active_record/connection_adapters/abstract_adapter.rb:986:in 'ActiveRecord::ConnectionAdapters::AbstractAdapter#with_raw_connection'
activerecord (8.0.3) lib/active_record/connection_adapters/postgresql/quoting.rb:128:in 'ActiveRecord::ConnectionAdapters::PostgreSQL::Quoting#quote_string'
activerecord (8.0.3) lib/active_record/connection_adapters/abstract/quoting.rb:76:in 'ActiveRecord::ConnectionAdapters::Quoting#quote'
activerecord (8.0.3) lib/active_record/connection_adapters/postgresql/quoting.rb:122:in 'ActiveRecord::ConnectionAdapters::PostgreSQL::Quoting#quote'
activerecord (8.0.3) lib/active_record/connection_adapters/postgresql/schema_statements.rb:1142:in 'ActiveRecord::ConnectionAdapters::PostgreSQL::SchemaStatements#quoted_scope'
activerecord (8.0.3) lib/active_record/connection_adapters/postgresql/schema_statements.rb:1119:in 'ActiveRecord::ConnectionAdapters::PostgreSQL::SchemaStatements#data_source_sql'
activerecord (8.0.3) lib/active_record/connection_adapters/abstract/schema_statements.rb:60:in 'ActiveRecord::ConnectionAdapters::SchemaStatements#table_exists?'
activerecord (8.0.3) lib/active_record/schema_migration.rb:55:in 'block in ActiveRecord::SchemaMigration#create_table'
activerecord (8.0.3) lib/active_record/connection_adapters/abstract/connection_pool.rb:422:in 'ActiveRecord::ConnectionAdapters::ConnectionPool#with_connection'
activerecord (8.0.3) lib/active_record/schema_migration.rb:54:in 'ActiveRecord::SchemaMigration#create_table'
activerecord (8.0.3) lib/active_record/migration.rb:1430:in 'ActiveRecord::Migrator#initialize'
activerecord (8.0.3) lib/active_record/migration.rb:1278:in 'Class#new'
activerecord (8.0.3) lib/active_record/migration.rb:1278:in 'ActiveRecord::MigrationContext#open'
activerecord (8.0.3) lib/active_record/migration.rb:762:in 'block (2 levels) in ActiveRecord::Migration.pending_migrations'
activerecord (8.0.3) lib/active_record/migration/pending_migration_connection.rb:8:in 'ActiveRecord::PendingMigrationConnection.with_temporary_pool'
activerecord (8.0.3) lib/active_record/migration.rb:761:in 'block in ActiveRecord::Migration.pending_migrations'
activerecord (8.0.3) lib/active_record/migration.rb:760:in 'Array#each'
activerecord (8.0.3) lib/active_record/migration.rb:760:in 'ActiveRecord::Migration.pending_migrations'
activerecord (8.0.3) lib/active_record/migration.rb:739:in 'ActiveRecord::Migration.check_pending_migrations'
activerecord (8.0.3) lib/active_record/migration.rb:659:in 'block (2 levels) in ActiveRecord::Migration::CheckPending#call'
activesupport (8.0.3) lib/active_support/file_update_checker.rb:85:in 'ActiveSupport::FileUpdateChecker#execute'
activerecord (8.0.3) lib/active_record/migration.rb:664:in 'block in ActiveRecord::Migration::CheckPending#call'
activerecord (8.0.3) lib/active_record/migration.rb:656:in 'Thread::Mutex#synchronize'
activerecord (8.0.3) lib/active_record/migration.rb:656:in 'ActiveRecord::Migration::CheckPending#call'
actionpack (8.0.3) lib/action_dispatch/middleware/callbacks.rb:31:in 'block in ActionDispatch::Callbacks#call'
activesupport (8.0.3) lib/active_support/callbacks.rb:100:in 'ActiveSupport::Callbacks#run_callbacks'
actionpack (8.0.3) lib/action_dispatch/middleware/callbacks.rb:30:in 'ActionDispatch::Callbacks#call'
actionpack (8.0.3) lib/action_dispatch/middleware/executor.rb:16:in 'ActionDispatch::Executor#call'
actionpack (8.0.3) lib/action_dispatch/middleware/actionable_exceptions.rb:18:in 'ActionDispatch::ActionableExceptions#call'
actionpack (8.0.3) lib/action_dispatch/middleware/debug_exceptions.rb:31:in 'ActionDispatch::DebugExceptions#call'
web-console (4.2.1) lib/web_console/middleware.rb:132:in 'WebConsole::Middleware#call_app'
web-console (4.2.1) lib/web_console/middleware.rb:28:in 'block in WebConsole::Middleware#call'
web-console (4.2.1) lib/web_console/middleware.rb:17:in 'Kernel#catch'
web-console (4.2.1) lib/web_console/middleware.rb:17:in 'WebConsole::Middleware#call'
actionpack (8.0.3) lib/action_dispatch/middleware/show_exceptions.rb:32:in 'ActionDispatch::ShowExceptions#call'
railties (8.0.3) lib/rails/rack/logger.rb:41:in 'Rails::Rack::Logger#call_app'
railties (8.0.3) lib/rails/rack/logger.rb:29:in 'Rails::Rack::Logger#call'
actionpack (8.0.3) lib/action_dispatch/middleware/remote_ip.rb:96:in 'ActionDispatch::RemoteIp#call'
actionpack (8.0.3) lib/action_dispatch/middleware/request_id.rb:34:in 'ActionDispatch::RequestId#call'
rack (3.2.3) lib/rack/method_override.rb:28:in 'Rack::MethodOverride#call'
rack (3.2.3) lib/rack/runtime.rb:24:in 'Rack::Runtime#call'
actionpack (8.0.3) lib/action_dispatch/middleware/server_timing.rb:61:in 'block in ActionDispatch::ServerTiming#call'
actionpack (8.0.3) lib/action_dispatch/middleware/server_timing.rb:26:in 'ActionDispatch::ServerTiming::Subscriber#collect_events'
actionpack (8.0.3) lib/action_dispatch/middleware/server_timing.rb:60:in 'ActionDispatch::ServerTiming#call'
actionpack (8.0.3) lib/action_dispatch/middleware/executor.rb:16:in 'ActionDispatch::Executor#call'
propshaft (1.3.1) lib/propshaft/server.rb:37:in 'Propshaft::Server#call'
actionpack (8.0.3) lib/action_dispatch/middleware/static.rb:27:in 'ActionDispatch::Static#call'
rack (3.2.3) lib/rack/sendfile.rb:131:in 'Rack::Sendfile#call'
actionpack (8.0.3) lib/action_dispatch/middleware/host_authorization.rb:143:in 'ActionDispatch::HostAuthorization#call'
railties (8.0.3) lib/rails/engine.rb:535:in 'Rails::Engine#call'
puma (7.0.4) lib/puma/configuration.rb:299:in 'Puma::Configuration::ConfigMiddleware#call'
puma (7.0.4) lib/puma/request.rb:101:in 'block in Puma::Request#handle_request'
puma (7.0.4) lib/puma/thread_pool.rb:346:in 'Puma::ThreadPool#with_force_shutdown'
puma (7.0.4) lib/puma/request.rb:100:in 'Puma::Request#handle_request'
puma (7.0.4) lib/puma/server.rb:506:in 'Puma::Server#process_client'
puma (7.0.4) lib/puma/server.rb:265:in 'block in Puma::Server#run'
puma (7.0.4) lib/puma/thread_pool.rb:173:in 'block in Puma::ThreadPool#spawn_thread'
Started GET "/favicon.ico" for 127.0.0.1 at 2025-10-14 19:24:00 -0400
  
ActiveRecord::ConnectionNotEstablished (connection to server on socket "/tmp/.s.PGSQL.5432" failed: No such file or directory
	Is the server running locally and accepting connections on that socket?
)
Caused by: PG::ConnectionBad (connection to server on socket "/tmp/.s.PGSQL.5432" failed: No such file or directory
	Is the server running locally and accepting connections on that socket?
)

Information for: ActiveRecord::ConnectionNotEstablished (connection to server on socket "/tmp/.s.PGSQL.5432" failed: No such file or directory
	Is the server running locally and accepting connections on that socket?
):
  
activerecord (8.0.3) lib/active_record/connection_adapters/postgresql_adapter.rb:69:in 'ActiveRecord::ConnectionAdapters::PostgreSQLAdapter.new_client'
activerecord (8.0.3) lib/active_record/connection_adapters/postgresql_adapter.rb:939:in 'ActiveRecord::ConnectionAdapters::PostgreSQLAdapter#connect'
activerecord (8.0.3) lib/active_record/connection_adapters/postgresql_adapter.rb:951:in 'ActiveRecord::ConnectionAdapters::PostgreSQLAdapter#reconnect'
activerecord (8.0.3) lib/active_record/connection_adapters/abstract_adapter.rb:669:in 'block in ActiveRecord::ConnectionAdapters::AbstractAdapter#reconnect!'
activesupport (8.0.3) lib/active_support/concurrency/null_lock.rb:9:in 'ActiveSupport::Concurrency::NullLock#synchronize'
activerecord (8.0.3) lib/active_record/connection_adapters/abstract_adapter.rb:668:in 'ActiveRecord::ConnectionAdapters::AbstractAdapter#reconnect!'
activerecord (8.0.3) lib/active_record/connection_adapters/abstract_adapter.rb:773:in 'block in ActiveRecord::ConnectionAdapters::AbstractAdapter#verify!'
activesupport (8.0.3) lib/active_support/concurrency/null_lock.rb:9:in 'ActiveSupport::Concurrency::NullLock#synchronize'
activerecord (8.0.3) lib/active_record/connection_adapters/abstract_adapter.rb:763:in 'ActiveRecord::ConnectionAdapters::AbstractAdapter#verify!'
activerecord (8.0.3) lib/active_record/connection_adapters/abstract_adapter.rb:781:in 'ActiveRecord::ConnectionAdapters::AbstractAdapter#connect!'
activerecord (8.0.3) lib/active_record/connection_adapters/abstract_adapter.rb:987:in 'block in ActiveRecord::ConnectionAdapters::AbstractAdapter#with_raw_connection'
activesupport (8.0.3) lib/active_support/concurrency/null_lock.rb:9:in 'ActiveSupport::Concurrency::NullLock#synchronize'
activerecord (8.0.3) lib/active_record/connection_adapters/abstract_adapter.rb:986:in 'ActiveRecord::ConnectionAdapters::AbstractAdapter#with_raw_connection'
activerecord (8.0.3) lib/active_record/connection_adapters/postgresql/quoting.rb:128:in 'ActiveRecord::ConnectionAdapters::PostgreSQL::Quoting#quote_string'
activerecord (8.0.3) lib/active_record/connection_adapters/abstract/quoting.rb:76:in 'ActiveRecord::ConnectionAdapters::Quoting#quote'
activerecord (8.0.3) lib/active_record/connection_adapters/postgresql/quoting.rb:122:in 'ActiveRecord::ConnectionAdapters::PostgreSQL::Quoting#quote'
activerecord (8.0.3) lib/active_record/connection_adapters/postgresql/schema_statements.rb:1142:in 'ActiveRecord::ConnectionAdapters::PostgreSQL::SchemaStatements#quoted_scope'
activerecord (8.0.3) lib/active_record/connection_adapters/postgresql/schema_statements.rb:1119:in 'ActiveRecord::ConnectionAdapters::PostgreSQL::SchemaStatements#data_source_sql'
activerecord (8.0.3) lib/active_record/connection_adapters/abstract/schema_statements.rb:60:in 'ActiveRecord::ConnectionAdapters::SchemaStatements#table_exists?'
activerecord (8.0.3) lib/active_record/schema_migration.rb:55:in 'block in ActiveRecord::SchemaMigration#create_table'
activerecord (8.0.3) lib/active_record/connection_adapters/abstract/connection_pool.rb:422:in 'ActiveRecord::ConnectionAdapters::ConnectionPool#with_connection'
activerecord (8.0.3) lib/active_record/schema_migration.rb:54:in 'ActiveRecord::SchemaMigration#create_table'
activerecord (8.0.3) lib/active_record/migration.rb:1430:in 'ActiveRecord::Migrator#initialize'
activerecord (8.0.3) lib/active_record/migration.rb:1278:in 'Class#new'
activerecord (8.0.3) lib/active_record/migration.rb:1278:in 'ActiveRecord::MigrationContext#open'
activerecord (8.0.3) lib/active_record/migration.rb:762:in 'block (2 levels) in ActiveRecord::Migration.pending_migrations'
activerecord (8.0.3) lib/active_record/migration/pending_migration_connection.rb:8:in 'ActiveRecord::PendingMigrationConnection.with_temporary_pool'
activerecord (8.0.3) lib/active_record/migration.rb:761:in 'block in ActiveRecord::Migration.pending_migrations'
activerecord (8.0.3) lib/active_record/migration.rb:760:in 'Array#each'
activerecord (8.0.3) lib/active_record/migration.rb:760:in 'ActiveRecord::Migration.pending_migrations'
activerecord (8.0.3) lib/active_record/migration.rb:739:in 'ActiveRecord::Migration.check_pending_migrations'
activerecord (8.0.3) lib/active_record/migration.rb:659:in 'block (2 levels) in ActiveRecord::Migration::CheckPending#call'
activesupport (8.0.3) lib/active_support/file_update_checker.rb:85:in 'ActiveSupport::FileUpdateChecker#execute'
activerecord (8.0.3) lib/active_record/migration.rb:664:in 'block in ActiveRecord::Migration::CheckPending#call'
activerecord (8.0.3) lib/active_record/migration.rb:656:in 'Thread::Mutex#synchronize'
activerecord (8.0.3) lib/active_record/migration.rb:656:in 'ActiveRecord::Migration::CheckPending#call'
actionpack (8.0.3) lib/action_dispatch/middleware/callbacks.rb:31:in 'block in ActionDispatch::Callbacks#call'
activesupport (8.0.3) lib/active_support/callbacks.rb:100:in 'ActiveSupport::Callbacks#run_callbacks'
actionpack (8.0.3) lib/action_dispatch/middleware/callbacks.rb:30:in 'ActionDispatch::Callbacks#call'
actionpack (8.0.3) lib/action_dispatch/middleware/executor.rb:16:in 'ActionDispatch::Executor#call'
actionpack (8.0.3) lib/action_dispatch/middleware/actionable_exceptions.rb:18:in 'ActionDispatch::ActionableExceptions#call'
actionpack (8.0.3) lib/action_dispatch/middleware/debug_exceptions.rb:31:in 'ActionDispatch::DebugExceptions#call'
web-console (4.2.1) lib/web_console/middleware.rb:132:in 'WebConsole::Middleware#call_app'
web-console (4.2.1) lib/web_console/middleware.rb:28:in 'block in WebConsole::Middleware#call'
web-console (4.2.1) lib/web_console/middleware.rb:17:in 'Kernel#catch'
web-console (4.2.1) lib/web_console/middleware.rb:17:in 'WebConsole::Middleware#call'
actionpack (8.0.3) lib/action_dispatch/middleware/show_exceptions.rb:32:in 'ActionDispatch::ShowExceptions#call'
railties (8.0.3) lib/rails/rack/logger.rb:41:in 'Rails::Rack::Logger#call_app'
railties (8.0.3) lib/rails/rack/logger.rb:29:in 'Rails::Rack::Logger#call'
actionpack (8.0.3) lib/action_dispatch/middleware/remote_ip.rb:96:in 'ActionDispatch::RemoteIp#call'
actionpack (8.0.3) lib/action_dispatch/middleware/request_id.rb:34:in 'ActionDispatch::RequestId#call'
rack (3.2.3) lib/rack/method_override.rb:28:in 'Rack::MethodOverride#call'
rack (3.2.3) lib/rack/runtime.rb:24:in 'Rack::Runtime#call'
actionpack (8.0.3) lib/action_dispatch/middleware/server_timing.rb:61:in 'block in ActionDispatch::ServerTiming#call'
actionpack (8.0.3) lib/action_dispatch/middleware/server_timing.rb:26:in 'ActionDispatch::ServerTiming::Subscriber#collect_events'
actionpack (8.0.3) lib/action_dispatch/middleware/server_timing.rb:60:in 'ActionDispatch::ServerTiming#call'
actionpack (8.0.3) lib/action_dispatch/middleware/executor.rb:16:in 'ActionDispatch::Executor#call'
propshaft (1.3.1) lib/propshaft/server.rb:37:in 'Propshaft::Server#call'
actionpack (8.0.3) lib/action_dispatch/middleware/static.rb:27:in 'ActionDispatch::Static#call'
rack (3.2.3) lib/rack/sendfile.rb:131:in 'Rack::Sendfile#call'
actionpack (8.0.3) lib/action_dispatch/middleware/host_authorization.rb:143:in 'ActionDispatch::HostAuthorization#call'
railties (8.0.3) lib/rails/engine.rb:535:in 'Rails::Engine#call'
puma (7.0.4) lib/puma/configuration.rb:299:in 'Puma::Configuration::ConfigMiddleware#call'
puma (7.0.4) lib/puma/request.rb:101:in 'block in Puma::Request#handle_request'
puma (7.0.4) lib/puma/thread_pool.rb:346:in 'Puma::ThreadPool#with_force_shutdown'
puma (7.0.4) lib/puma/request.rb:100:in 'Puma::Request#handle_request'
puma (7.0.4) lib/puma/server.rb:506:in 'Puma::Server#process_client'
puma (7.0.4) lib/puma/server.rb:265:in 'block in Puma::Server#run'
puma (7.0.4) lib/puma/thread_pool.rb:173:in 'block in Puma::ThreadPool#spawn_thread'

Information for cause: PG::ConnectionBad (connection to server on socket "/tmp/.s.PGSQL.5432" failed: No such file or directory
	Is the server running locally and accepting connections on that socket?
):
  
pg-1.6.2-arm64 (darwin) lib/pg/connection.rb:944:in 'PG::Connection.connect_start'
pg-1.6.2-arm64 (darwin) lib/pg/connection.rb:944:in 'PG::Connection.connect_to_hosts'
pg-1.6.2-arm64 (darwin) lib/pg/connection.rb:871:in 'PG::Connection.new'
pg-1.6.2-arm64 (darwin) lib/pg.rb:88:in 'PG.connect'
activerecord (8.0.3) lib/active_record/connection_adapters/postgresql_adapter.rb:58:in 'ActiveRecord::ConnectionAdapters::PostgreSQLAdapter.new_client'
activerecord (8.0.3) lib/active_record/connection_adapters/postgresql_adapter.rb:939:in 'ActiveRecord::ConnectionAdapters::PostgreSQLAdapter#connect'
activerecord (8.0.3) lib/active_record/connection_adapters/postgresql_adapter.rb:951:in 'ActiveRecord::ConnectionAdapters::PostgreSQLAdapter#reconnect'
activerecord (8.0.3) lib/active_record/connection_adapters/abstract_adapter.rb:669:in 'block in ActiveRecord::ConnectionAdapters::AbstractAdapter#reconnect!'
activesupport (8.0.3) lib/active_support/concurrency/null_lock.rb:9:in 'ActiveSupport::Concurrency::NullLock#synchronize'
activerecord (8.0.3) lib/active_record/connection_adapters/abstract_adapter.rb:668:in 'ActiveRecord::ConnectionAdapters::AbstractAdapter#reconnect!'
activerecord (8.0.3) lib/active_record/connection_adapters/abstract_adapter.rb:773:in 'block in ActiveRecord::ConnectionAdapters::AbstractAdapter#verify!'
activesupport (8.0.3) lib/active_support/concurrency/null_lock.rb:9:in 'ActiveSupport::Concurrency::NullLock#synchronize'
activerecord (8.0.3) lib/active_record/connection_adapters/abstract_adapter.rb:763:in 'ActiveRecord::ConnectionAdapters::AbstractAdapter#verify!'
activerecord (8.0.3) lib/active_record/connection_adapters/abstract_adapter.rb:781:in 'ActiveRecord::ConnectionAdapters::AbstractAdapter#connect!'
activerecord (8.0.3) lib/active_record/connection_adapters/abstract_adapter.rb:987:in 'block in ActiveRecord::ConnectionAdapters::AbstractAdapter#with_raw_connection'
activesupport (8.0.3) lib/active_support/concurrency/null_lock.rb:9:in 'ActiveSupport::Concurrency::NullLock#synchronize'
activerecord (8.0.3) lib/active_record/connection_adapters/abstract_adapter.rb:986:in 'ActiveRecord::ConnectionAdapters::AbstractAdapter#with_raw_connection'
activerecord (8.0.3) lib/active_record/connection_adapters/postgresql/quoting.rb:128:in 'ActiveRecord::ConnectionAdapters::PostgreSQL::Quoting#quote_string'
activerecord (8.0.3) lib/active_record/connection_adapters/abstract/quoting.rb:76:in 'ActiveRecord::ConnectionAdapters::Quoting#quote'
activerecord (8.0.3) lib/active_record/connection_adapters/postgresql/quoting.rb:122:in 'ActiveRecord::ConnectionAdapters::PostgreSQL::Quoting#quote'
activerecord (8.0.3) lib/active_record/connection_adapters/postgresql/schema_statements.rb:1142:in 'ActiveRecord::ConnectionAdapters::PostgreSQL::SchemaStatements#quoted_scope'
activerecord (8.0.3) lib/active_record/connection_adapters/postgresql/schema_statements.rb:1119:in 'ActiveRecord::ConnectionAdapters::PostgreSQL::SchemaStatements#data_source_sql'
activerecord (8.0.3) lib/active_record/connection_adapters/abstract/schema_statements.rb:60:in 'ActiveRecord::ConnectionAdapters::SchemaStatements#table_exists?'
activerecord (8.0.3) lib/active_record/schema_migration.rb:55:in 'block in ActiveRecord::SchemaMigration#create_table'
activerecord (8.0.3) lib/active_record/connection_adapters/abstract/connection_pool.rb:422:in 'ActiveRecord::ConnectionAdapters::ConnectionPool#with_connection'
activerecord (8.0.3) lib/active_record/schema_migration.rb:54:in 'ActiveRecord::SchemaMigration#create_table'
activerecord (8.0.3) lib/active_record/migration.rb:1430:in 'ActiveRecord::Migrator#initialize'
activerecord (8.0.3) lib/active_record/migration.rb:1278:in 'Class#new'
activerecord (8.0.3) lib/active_record/migration.rb:1278:in 'ActiveRecord::MigrationContext#open'
activerecord (8.0.3) lib/active_record/migration.rb:762:in 'block (2 levels) in ActiveRecord::Migration.pending_migrations'
activerecord (8.0.3) lib/active_record/migration/pending_migration_connection.rb:8:in 'ActiveRecord::PendingMigrationConnection.with_temporary_pool'
activerecord (8.0.3) lib/active_record/migration.rb:761:in 'block in ActiveRecord::Migration.pending_migrations'
activerecord (8.0.3) lib/active_record/migration.rb:760:in 'Array#each'
activerecord (8.0.3) lib/active_record/migration.rb:760:in 'ActiveRecord::Migration.pending_migrations'
activerecord (8.0.3) lib/active_record/migration.rb:739:in 'ActiveRecord::Migration.check_pending_migrations'
activerecord (8.0.3) lib/active_record/migration.rb:659:in 'block (2 levels) in ActiveRecord::Migration::CheckPending#call'
activesupport (8.0.3) lib/active_support/file_update_checker.rb:85:in 'ActiveSupport::FileUpdateChecker#execute'
activerecord (8.0.3) lib/active_record/migration.rb:664:in 'block in ActiveRecord::Migration::CheckPending#call'
activerecord (8.0.3) lib/active_record/migration.rb:656:in 'Thread::Mutex#synchronize'
activerecord (8.0.3) lib/active_record/migration.rb:656:in 'ActiveRecord::Migration::CheckPending#call'
actionpack (8.0.3) lib/action_dispatch/middleware/callbacks.rb:31:in 'block in ActionDispatch::Callbacks#call'
activesupport (8.0.3) lib/active_support/callbacks.rb:100:in 'ActiveSupport::Callbacks#run_callbacks'
actionpack (8.0.3) lib/action_dispatch/middleware/callbacks.rb:30:in 'ActionDispatch::Callbacks#call'
actionpack (8.0.3) lib/action_dispatch/middleware/executor.rb:16:in 'ActionDispatch::Executor#call'
actionpack (8.0.3) lib/action_dispatch/middleware/actionable_exceptions.rb:18:in 'ActionDispatch::ActionableExceptions#call'
actionpack (8.0.3) lib/action_dispatch/middleware/debug_exceptions.rb:31:in 'ActionDispatch::DebugExceptions#call'
web-console (4.2.1) lib/web_console/middleware.rb:132:in 'WebConsole::Middleware#call_app'
web-console (4.2.1) lib/web_console/middleware.rb:28:in 'block in WebConsole::Middleware#call'
web-console (4.2.1) lib/web_console/middleware.rb:17:in 'Kernel#catch'
web-console (4.2.1) lib/web_console/middleware.rb:17:in 'WebConsole::Middleware#call'
actionpack (8.0.3) lib/action_dispatch/middleware/show_exceptions.rb:32:in 'ActionDispatch::ShowExceptions#call'
railties (8.0.3) lib/rails/rack/logger.rb:41:in 'Rails::Rack::Logger#call_app'
railties (8.0.3) lib/rails/rack/logger.rb:29:in 'Rails::Rack::Logger#call'
actionpack (8.0.3) lib/action_dispatch/middleware/remote_ip.rb:96:in 'ActionDispatch::RemoteIp#call'
actionpack (8.0.3) lib/action_dispatch/middleware/request_id.rb:34:in 'ActionDispatch::RequestId#call'
rack (3.2.3) lib/rack/method_override.rb:28:in 'Rack::MethodOverride#call'
rack (3.2.3) lib/rack/runtime.rb:24:in 'Rack::Runtime#call'
actionpack (8.0.3) lib/action_dispatch/middleware/server_timing.rb:61:in 'block in ActionDispatch::ServerTiming#call'
actionpack (8.0.3) lib/action_dispatch/middleware/server_timing.rb:26:in 'ActionDispatch::ServerTiming::Subscriber#collect_events'
actionpack (8.0.3) lib/action_dispatch/middleware/server_timing.rb:60:in 'ActionDispatch::ServerTiming#call'
actionpack (8.0.3) lib/action_dispatch/middleware/executor.rb:16:in 'ActionDispatch::Executor#call'
propshaft (1.3.1) lib/propshaft/server.rb:37:in 'Propshaft::Server#call'
actionpack (8.0.3) lib/action_dispatch/middleware/static.rb:27:in 'ActionDispatch::Static#call'
rack (3.2.3) lib/rack/sendfile.rb:131:in 'Rack::Sendfile#call'
actionpack (8.0.3) lib/action_dispatch/middleware/host_authorization.rb:143:in 'ActionDispatch::HostAuthorization#call'
railties (8.0.3) lib/rails/engine.rb:535:in 'Rails::Engine#call'
puma (7.0.4) lib/puma/configuration.rb:299:in 'Puma::Configuration::ConfigMiddleware#call'
puma (7.0.4) lib/puma/request.rb:101:in 'block in Puma::Request#handle_request'
puma (7.0.4) lib/puma/thread_pool.rb:346:in 'Puma::ThreadPool#with_force_shutdown'
puma (7.0.4) lib/puma/request.rb:100:in 'Puma::Request#handle_request'
puma (7.0.4) lib/puma/server.rb:506:in 'Puma::Server#process_client'
puma (7.0.4) lib/puma/server.rb:265:in 'block in Puma::Server#run'
puma (7.0.4) lib/puma/thread_pool.rb:173:in 'block in Puma::ThreadPool#spawn_thread'
Started GET "/favicon.ico" for 127.0.0.1 at 2025-10-14 19:24:31 -0400
  
ActiveRecord::ConnectionNotEstablished (connection to server on socket "/tmp/.s.PGSQL.5432" failed: No such file or directory
	Is the server running locally and accepting connections on that socket?
)
Caused by: PG::ConnectionBad (connection to server on socket "/tmp/.s.PGSQL.5432" failed: No such file or directory
	Is the server running locally and accepting connections on that socket?
)

Information for: ActiveRecord::ConnectionNotEstablished (connection to server on socket "/tmp/.s.PGSQL.5432" failed: No such file or directory
	Is the server running locally and accepting connections on that socket?
):
  
activerecord (8.0.3) lib/active_record/connection_adapters/postgresql_adapter.rb:69:in 'ActiveRecord::ConnectionAdapters::PostgreSQLAdapter.new_client'
activerecord (8.0.3) lib/active_record/connection_adapters/postgresql_adapter.rb:939:in 'ActiveRecord::ConnectionAdapters::PostgreSQLAdapter#connect'
activerecord (8.0.3) lib/active_record/connection_adapters/postgresql_adapter.rb:951:in 'ActiveRecord::ConnectionAdapters::PostgreSQLAdapter#reconnect'
activerecord (8.0.3) lib/active_record/connection_adapters/abstract_adapter.rb:669:in 'block in ActiveRecord::ConnectionAdapters::AbstractAdapter#reconnect!'
activesupport (8.0.3) lib/active_support/concurrency/null_lock.rb:9:in 'ActiveSupport::Concurrency::NullLock#synchronize'
activerecord (8.0.3) lib/active_record/connection_adapters/abstract_adapter.rb:668:in 'ActiveRecord::ConnectionAdapters::AbstractAdapter#reconnect!'
activerecord (8.0.3) lib/active_record/connection_adapters/abstract_adapter.rb:773:in 'block in ActiveRecord::ConnectionAdapters::AbstractAdapter#verify!'
activesupport (8.0.3) lib/active_support/concurrency/null_lock.rb:9:in 'ActiveSupport::Concurrency::NullLock#synchronize'
activerecord (8.0.3) lib/active_record/connection_adapters/abstract_adapter.rb:763:in 'ActiveRecord::ConnectionAdapters::AbstractAdapter#verify!'
activerecord (8.0.3) lib/active_record/connection_adapters/abstract_adapter.rb:781:in 'ActiveRecord::ConnectionAdapters::AbstractAdapter#connect!'
activerecord (8.0.3) lib/active_record/connection_adapters/abstract_adapter.rb:987:in 'block in ActiveRecord::ConnectionAdapters::AbstractAdapter#with_raw_connection'
activesupport (8.0.3) lib/active_support/concurrency/null_lock.rb:9:in 'ActiveSupport::Concurrency::NullLock#synchronize'
activerecord (8.0.3) lib/active_record/connection_adapters/abstract_adapter.rb:986:in 'ActiveRecord::ConnectionAdapters::AbstractAdapter#with_raw_connection'
activerecord (8.0.3) lib/active_record/connection_adapters/postgresql/quoting.rb:128:in 'ActiveRecord::ConnectionAdapters::PostgreSQL::Quoting#quote_string'
activerecord (8.0.3) lib/active_record/connection_adapters/abstract/quoting.rb:76:in 'ActiveRecord::ConnectionAdapters::Quoting#quote'
activerecord (8.0.3) lib/active_record/connection_adapters/postgresql/quoting.rb:122:in 'ActiveRecord::ConnectionAdapters::PostgreSQL::Quoting#quote'
activerecord (8.0.3) lib/active_record/connection_adapters/postgresql/schema_statements.rb:1142:in 'ActiveRecord::ConnectionAdapters::PostgreSQL::SchemaStatements#quoted_scope'
activerecord (8.0.3) lib/active_record/connection_adapters/postgresql/schema_statements.rb:1119:in 'ActiveRecord::ConnectionAdapters::PostgreSQL::SchemaStatements#data_source_sql'
activerecord (8.0.3) lib/active_record/connection_adapters/abstract/schema_statements.rb:60:in 'ActiveRecord::ConnectionAdapters::SchemaStatements#table_exists?'
activerecord (8.0.3) lib/active_record/schema_migration.rb:55:in 'block in ActiveRecord::SchemaMigration#create_table'
activerecord (8.0.3) lib/active_record/connection_adapters/abstract/connection_pool.rb:422:in 'ActiveRecord::ConnectionAdapters::ConnectionPool#with_connection'
activerecord (8.0.3) lib/active_record/schema_migration.rb:54:in 'ActiveRecord::SchemaMigration#create_table'
activerecord (8.0.3) lib/active_record/migration.rb:1430:in 'ActiveRecord::Migrator#initialize'
activerecord (8.0.3) lib/active_record/migration.rb:1278:in 'Class#new'
activerecord (8.0.3) lib/active_record/migration.rb:1278:in 'ActiveRecord::MigrationContext#open'
activerecord (8.0.3) lib/active_record/migration.rb:762:in 'block (2 levels) in ActiveRecord::Migration.pending_migrations'
activerecord (8.0.3) lib/active_record/migration/pending_migration_connection.rb:8:in 'ActiveRecord::PendingMigrationConnection.with_temporary_pool'
activerecord (8.0.3) lib/active_record/migration.rb:761:in 'block in ActiveRecord::Migration.pending_migrations'
activerecord (8.0.3) lib/active_record/migration.rb:760:in 'Array#each'
activerecord (8.0.3) lib/active_record/migration.rb:760:in 'ActiveRecord::Migration.pending_migrations'
activerecord (8.0.3) lib/active_record/migration.rb:739:in 'ActiveRecord::Migration.check_pending_migrations'
activerecord (8.0.3) lib/active_record/migration.rb:659:in 'block (2 levels) in ActiveRecord::Migration::CheckPending#call'
activesupport (8.0.3) lib/active_support/file_update_checker.rb:85:in 'ActiveSupport::FileUpdateChecker#execute'
activerecord (8.0.3) lib/active_record/migration.rb:664:in 'block in ActiveRecord::Migration::CheckPending#call'
activerecord (8.0.3) lib/active_record/migration.rb:656:in 'Thread::Mutex#synchronize'
activerecord (8.0.3) lib/active_record/migration.rb:656:in 'ActiveRecord::Migration::CheckPending#call'
actionpack (8.0.3) lib/action_dispatch/middleware/callbacks.rb:31:in 'block in ActionDispatch::Callbacks#call'
activesupport (8.0.3) lib/active_support/callbacks.rb:100:in 'ActiveSupport::Callbacks#run_callbacks'
actionpack (8.0.3) lib/action_dispatch/middleware/callbacks.rb:30:in 'ActionDispatch::Callbacks#call'
actionpack (8.0.3) lib/action_dispatch/middleware/executor.rb:16:in 'ActionDispatch::Executor#call'
actionpack (8.0.3) lib/action_dispatch/middleware/actionable_exceptions.rb:18:in 'ActionDispatch::ActionableExceptions#call'
actionpack (8.0.3) lib/action_dispatch/middleware/debug_exceptions.rb:31:in 'ActionDispatch::DebugExceptions#call'
web-console (4.2.1) lib/web_console/middleware.rb:132:in 'WebConsole::Middleware#call_app'
web-console (4.2.1) lib/web_console/middleware.rb:28:in 'block in WebConsole::Middleware#call'
web-console (4.2.1) lib/web_console/middleware.rb:17:in 'Kernel#catch'
web-console (4.2.1) lib/web_console/middleware.rb:17:in 'WebConsole::Middleware#call'
actionpack (8.0.3) lib/action_dispatch/middleware/show_exceptions.rb:32:in 'ActionDispatch::ShowExceptions#call'
railties (8.0.3) lib/rails/rack/logger.rb:41:in 'Rails::Rack::Logger#call_app'
railties (8.0.3) lib/rails/rack/logger.rb:29:in 'Rails::Rack::Logger#call'
actionpack (8.0.3) lib/action_dispatch/middleware/remote_ip.rb:96:in 'ActionDispatch::RemoteIp#call'
actionpack (8.0.3) lib/action_dispatch/middleware/request_id.rb:34:in 'ActionDispatch::RequestId#call'
rack (3.2.3) lib/rack/method_override.rb:28:in 'Rack::MethodOverride#call'
rack (3.2.3) lib/rack/runtime.rb:24:in 'Rack::Runtime#call'
actionpack (8.0.3) lib/action_dispatch/middleware/server_timing.rb:61:in 'block in ActionDispatch::ServerTiming#call'
actionpack (8.0.3) lib/action_dispatch/middleware/server_timing.rb:26:in 'ActionDispatch::ServerTiming::Subscriber#collect_events'
actionpack (8.0.3) lib/action_dispatch/middleware/server_timing.rb:60:in 'ActionDispatch::ServerTiming#call'
actionpack (8.0.3) lib/action_dispatch/middleware/executor.rb:16:in 'ActionDispatch::Executor#call'
propshaft (1.3.1) lib/propshaft/server.rb:37:in 'Propshaft::Server#call'
actionpack (8.0.3) lib/action_dispatch/middleware/static.rb:27:in 'ActionDispatch::Static#call'
rack (3.2.3) lib/rack/sendfile.rb:131:in 'Rack::Sendfile#call'
actionpack (8.0.3) lib/action_dispatch/middleware/host_authorization.rb:143:in 'ActionDispatch::HostAuthorization#call'
railties (8.0.3) lib/rails/engine.rb:535:in 'Rails::Engine#call'
puma (7.0.4) lib/puma/configuration.rb:299:in 'Puma::Configuration::ConfigMiddleware#call'
puma (7.0.4) lib/puma/request.rb:101:in 'block in Puma::Request#handle_request'
puma (7.0.4) lib/puma/thread_pool.rb:346:in 'Puma::ThreadPool#with_force_shutdown'
puma (7.0.4) lib/puma/request.rb:100:in 'Puma::Request#handle_request'
puma (7.0.4) lib/puma/server.rb:506:in 'Puma::Server#process_client'
puma (7.0.4) lib/puma/server.rb:265:in 'block in Puma::Server#run'
puma (7.0.4) lib/puma/thread_pool.rb:173:in 'block in Puma::ThreadPool#spawn_thread'

Information for cause: PG::ConnectionBad (connection to server on socket "/tmp/.s.PGSQL.5432" failed: No such file or directory
	Is the server running locally and accepting connections on that socket?
):
  
pg-1.6.2-arm64 (darwin) lib/pg/connection.rb:944:in 'PG::Connection.connect_start'
pg-1.6.2-arm64 (darwin) lib/pg/connection.rb:944:in 'PG::Connection.connect_to_hosts'
pg-1.6.2-arm64 (darwin) lib/pg/connection.rb:871:in 'PG::Connection.new'
pg-1.6.2-arm64 (darwin) lib/pg.rb:88:in 'PG.connect'
activerecord (8.0.3) lib/active_record/connection_adapters/postgresql_adapter.rb:58:in 'ActiveRecord::ConnectionAdapters::PostgreSQLAdapter.new_client'
activerecord (8.0.3) lib/active_record/connection_adapters/postgresql_adapter.rb:939:in 'ActiveRecord::ConnectionAdapters::PostgreSQLAdapter#connect'
activerecord (8.0.3) lib/active_record/connection_adapters/postgresql_adapter.rb:951:in 'ActiveRecord::ConnectionAdapters::PostgreSQLAdapter#reconnect'
activerecord (8.0.3) lib/active_record/connection_adapters/abstract_adapter.rb:669:in 'block in ActiveRecord::ConnectionAdapters::AbstractAdapter#reconnect!'
activesupport (8.0.3) lib/active_support/concurrency/null_lock.rb:9:in 'ActiveSupport::Concurrency::NullLock#synchronize'
activerecord (8.0.3) lib/active_record/connection_adapters/abstract_adapter.rb:668:in 'ActiveRecord::ConnectionAdapters::AbstractAdapter#reconnect!'
activerecord (8.0.3) lib/active_record/connection_adapters/abstract_adapter.rb:773:in 'block in ActiveRecord::ConnectionAdapters::AbstractAdapter#verify!'
activesupport (8.0.3) lib/active_support/concurrency/null_lock.rb:9:in 'ActiveSupport::Concurrency::NullLock#synchronize'
activerecord (8.0.3) lib/active_record/connection_adapters/abstract_adapter.rb:763:in 'ActiveRecord::ConnectionAdapters::AbstractAdapter#verify!'
activerecord (8.0.3) lib/active_record/connection_adapters/abstract_adapter.rb:781:in 'ActiveRecord::ConnectionAdapters::AbstractAdapter#connect!'
activerecord (8.0.3) lib/active_record/connection_adapters/abstract_adapter.rb:987:in 'block in ActiveRecord::ConnectionAdapters::AbstractAdapter#with_raw_connection'
activesupport (8.0.3) lib/active_support/concurrency/null_lock.rb:9:in 'ActiveSupport::Concurrency::NullLock#synchronize'
activerecord (8.0.3) lib/active_record/connection_adapters/abstract_adapter.rb:986:in 'ActiveRecord::ConnectionAdapters::AbstractAdapter#with_raw_connection'
activerecord (8.0.3) lib/active_record/connection_adapters/postgresql/quoting.rb:128:in 'ActiveRecord::ConnectionAdapters::PostgreSQL::Quoting#quote_string'
activerecord (8.0.3) lib/active_record/connection_adapters/abstract/quoting.rb:76:in 'ActiveRecord::ConnectionAdapters::Quoting#quote'
activerecord (8.0.3) lib/active_record/connection_adapters/postgresql/quoting.rb:122:in 'ActiveRecord::ConnectionAdapters::PostgreSQL::Quoting#quote'
activerecord (8.0.3) lib/active_record/connection_adapters/postgresql/schema_statements.rb:1142:in 'ActiveRecord::ConnectionAdapters::PostgreSQL::SchemaStatements#quoted_scope'
activerecord (8.0.3) lib/active_record/connection_adapters/postgresql/schema_statements.rb:1119:in 'ActiveRecord::ConnectionAdapters::PostgreSQL::SchemaStatements#data_source_sql'
activerecord (8.0.3) lib/active_record/connection_adapters/abstract/schema_statements.rb:60:in 'ActiveRecord::ConnectionAdapters::SchemaStatements#table_exists?'
activerecord (8.0.3) lib/active_record/schema_migration.rb:55:in 'block in ActiveRecord::SchemaMigration#create_table'
activerecord (8.0.3) lib/active_record/connection_adapters/abstract/connection_pool.rb:422:in 'ActiveRecord::ConnectionAdapters::ConnectionPool#with_connection'
activerecord (8.0.3) lib/active_record/schema_migration.rb:54:in 'ActiveRecord::SchemaMigration#create_table'
activerecord (8.0.3) lib/active_record/migration.rb:1430:in 'ActiveRecord::Migrator#initialize'
activerecord (8.0.3) lib/active_record/migration.rb:1278:in 'Class#new'
activerecord (8.0.3) lib/active_record/migration.rb:1278:in 'ActiveRecord::MigrationContext#open'
activerecord (8.0.3) lib/active_record/migration.rb:762:in 'block (2 levels) in ActiveRecord::Migration.pending_migrations'
activerecord (8.0.3) lib/active_record/migration/pending_migration_connection.rb:8:in 'ActiveRecord::PendingMigrationConnection.with_temporary_pool'
activerecord (8.0.3) lib/active_record/migration.rb:761:in 'block in ActiveRecord::Migration.pending_migrations'
activerecord (8.0.3) lib/active_record/migration.rb:760:in 'Array#each'
activerecord (8.0.3) lib/active_record/migration.rb:760:in 'ActiveRecord::Migration.pending_migrations'
activerecord (8.0.3) lib/active_record/migration.rb:739:in 'ActiveRecord::Migration.check_pending_migrations'
activerecord (8.0.3) lib/active_record/migration.rb:659:in 'block (2 levels) in ActiveRecord::Migration::CheckPending#call'
activesupport (8.0.3) lib/active_support/file_update_checker.rb:85:in 'ActiveSupport::FileUpdateChecker#execute'
activerecord (8.0.3) lib/active_record/migration.rb:664:in 'block in ActiveRecord::Migration::CheckPending#call'
activerecord (8.0.3) lib/active_record/migration.rb:656:in 'Thread::Mutex#synchronize'
activerecord (8.0.3) lib/active_record/migration.rb:656:in 'ActiveRecord::Migration::CheckPending#call'
actionpack (8.0.3) lib/action_dispatch/middleware/callbacks.rb:31:in 'block in ActionDispatch::Callbacks#call'
activesupport (8.0.3) lib/active_support/callbacks.rb:100:in 'ActiveSupport::Callbacks#run_callbacks'
actionpack (8.0.3) lib/action_dispatch/middleware/callbacks.rb:30:in 'ActionDispatch::Callbacks#call'
actionpack (8.0.3) lib/action_dispatch/middleware/executor.rb:16:in 'ActionDispatch::Executor#call'
actionpack (8.0.3) lib/action_dispatch/middleware/actionable_exceptions.rb:18:in 'ActionDispatch::ActionableExceptions#call'
actionpack (8.0.3) lib/action_dispatch/middleware/debug_exceptions.rb:31:in 'ActionDispatch::DebugExceptions#call'
web-console (4.2.1) lib/web_console/middleware.rb:132:in 'WebConsole::Middleware#call_app'
web-console (4.2.1) lib/web_console/middleware.rb:28:in 'block in WebConsole::Middleware#call'
web-console (4.2.1) lib/web_console/middleware.rb:17:in 'Kernel#catch'
web-console (4.2.1) lib/web_console/middleware.rb:17:in 'WebConsole::Middleware#call'
actionpack (8.0.3) lib/action_dispatch/middleware/show_exceptions.rb:32:in 'ActionDispatch::ShowExceptions#call'
railties (8.0.3) lib/rails/rack/logger.rb:41:in 'Rails::Rack::Logger#call_app'
railties (8.0.3) lib/rails/rack/logger.rb:29:in 'Rails::Rack::Logger#call'
actionpack (8.0.3) lib/action_dispatch/middleware/remote_ip.rb:96:in 'ActionDispatch::RemoteIp#call'
actionpack (8.0.3) lib/action_dispatch/middleware/request_id.rb:34:in 'ActionDispatch::RequestId#call'
rack (3.2.3) lib/rack/method_override.rb:28:in 'Rack::MethodOverride#call'
rack (3.2.3) lib/rack/runtime.rb:24:in 'Rack::Runtime#call'
actionpack (8.0.3) lib/action_dispatch/middleware/server_timing.rb:61:in 'block in ActionDispatch::ServerTiming#call'
actionpack (8.0.3) lib/action_dispatch/middleware/server_timing.rb:26:in 'ActionDispatch::ServerTiming::Subscriber#collect_events'
actionpack (8.0.3) lib/action_dispatch/middleware/server_timing.rb:60:in 'ActionDispatch::ServerTiming#call'
actionpack (8.0.3) lib/action_dispatch/middleware/executor.rb:16:in 'ActionDispatch::Executor#call'
propshaft (1.3.1) lib/propshaft/server.rb:37:in 'Propshaft::Server#call'
actionpack (8.0.3) lib/action_dispatch/middleware/static.rb:27:in 'ActionDispatch::Static#call'
rack (3.2.3) lib/rack/sendfile.rb:131:in 'Rack::Sendfile#call'
actionpack (8.0.3) lib/action_dispatch/middleware/host_authorization.rb:143:in 'ActionDispatch::HostAuthorization#call'
railties (8.0.3) lib/rails/engine.rb:535:in 'Rails::Engine#call'
puma (7.0.4) lib/puma/configuration.rb:299:in 'Puma::Configuration::ConfigMiddleware#call'
puma (7.0.4) lib/puma/request.rb:101:in 'block in Puma::Request#handle_request'
puma (7.0.4) lib/puma/thread_pool.rb:346:in 'Puma::ThreadPool#with_force_shutdown'
puma (7.0.4) lib/puma/request.rb:100:in 'Puma::Request#handle_request'
puma (7.0.4) lib/puma/server.rb:506:in 'Puma::Server#process_client'
puma (7.0.4) lib/puma/server.rb:265:in 'block in Puma::Server#run'
puma (7.0.4) lib/puma/thread_pool.rb:173:in 'block in Puma::ThreadPool#spawn_thread'
